SF:lib/extensions/stock.dart
DA:6,1
DA:14,1
DA:16,0
DA:17,0
DA:20,0
DA:21,0
DA:24,0
DA:25,0
DA:28,0
DA:29,0
DA:31,0
DA:33,0
DA:35,0
DA:38,0
DA:39,0
DA:42,0
DA:44,0
DA:50,0
DA:51,0
DA:55,0
DA:59,0
DA:60,0
DA:61,0
DA:64,0
DA:65,0
DA:68,0
DA:69,0
DA:70,0
DA:72,0
DA:78,1
DA:79,1
DA:80,5
DA:84,1
DA:85,1
DA:86,5
DA:89,0
DA:90,0
LF:37
LH:8
end_of_record
SF:lib/models/cities/cherkasy.dart
DA:11,1
DA:12,1
DA:13,1
DA:18,1
DA:19,3
DA:20,1
DA:21,1
DA:23,1
DA:24,1
DA:25,1
DA:26,1
DA:27,1
DA:28,1
DA:29,1
DA:30,1
DA:34,1
DA:36,1
DA:37,1
DA:38,1
DA:39,1
DA:40,1
DA:44,1
DA:46,1
DA:47,1
DA:48,1
DA:49,1
DA:50,1
DA:54,1
DA:56,1
DA:57,1
DA:58,1
DA:59,1
DA:60,1
DA:61,1
DA:62,1
DA:63,1
DA:64,1
DA:69,2
DA:70,1
DA:71,1
DA:72,1
DA:73,1
DA:74,1
DA:75,1
DA:76,1
DA:77,1
DA:78,1
DA:79,1
DA:80,1
DA:82,1
LF:50
LH:50
end_of_record
SF:lib/models/cities/city.dart
DA:43,1
DA:68,0
DA:69,0
DA:74,1
DA:89,2
DA:91,1
DA:95,2
DA:97,1
DA:99,1
DA:101,3
DA:104,1
DA:106,1
DA:107,0
DA:108,1
DA:109,0
DA:110,1
DA:111,0
DA:112,1
DA:113,0
DA:114,1
DA:115,0
DA:116,1
DA:117,0
DA:118,1
DA:119,1
DA:120,0
DA:121,0
DA:122,0
DA:123,0
DA:124,0
DA:125,0
DA:126,0
DA:127,0
DA:128,0
DA:129,0
DA:130,0
DA:131,0
DA:132,0
DA:133,0
DA:134,0
DA:135,0
DA:136,0
DA:137,0
DA:138,0
DA:139,0
DA:140,0
DA:141,0
DA:142,0
DA:143,0
DA:144,0
DA:145,0
DA:146,0
DA:147,0
DA:148,0
DA:149,0
DA:150,0
DA:151,0
DA:152,0
DA:153,0
DA:154,0
DA:155,0
DA:156,0
DA:157,0
DA:158,0
DA:159,0
DA:160,0
DA:161,0
DA:162,0
DA:163,0
DA:165,0
DA:179,0
DA:180,0
DA:181,0
DA:182,0
DA:183,0
DA:184,0
DA:185,0
DA:186,0
DA:187,0
DA:188,0
DA:189,0
DA:190,0
DA:191,0
DA:192,0
DA:193,0
DA:194,0
DA:195,0
DA:196,0
DA:197,0
DA:198,0
DA:199,0
DA:200,0
DA:201,0
DA:202,0
DA:203,0
DA:204,0
DA:205,0
DA:206,0
DA:207,0
DA:208,0
DA:209,0
DA:213,0
DA:214,0
DA:217,0
DA:218,0
DA:219,0
DA:222,0
DA:226,0
DA:227,0
DA:228,0
DA:232,0
DA:236,0
DA:237,0
DA:241,0
DA:245,0
DA:246,0
DA:248,0
DA:250,0
DA:251,0
DA:256,0
DA:257,0
DA:260,0
DA:261,0
DA:262,0
DA:263,0
DA:264,0
DA:265,0
DA:268,0
DA:269,0
DA:270,0
DA:271,0
DA:274,0
DA:275,0
DA:276,0
DA:277,0
DA:278,0
DA:281,0
DA:282,0
DA:283,0
DA:284,0
DA:285,0
DA:286,0
DA:291,0
DA:292,0
DA:293,0
DA:295,0
DA:298,0
DA:299,0
DA:300,0
DA:303,0
DA:304,0
DA:307,1
DA:308,1
DA:309,0
DA:310,1
DA:311,1
DA:312,2
DA:313,1
DA:314,5
DA:315,1
DA:316,2
DA:317,3
DA:319,3
DA:323,1
DA:324,2
DA:325,1
DA:326,1
DA:327,1
DA:328,1
DA:329,1
DA:330,1
DA:331,1
DA:332,2
DA:333,1
DA:334,4
DA:336,2
DA:337,1
DA:338,1
DA:339,1
DA:340,1
DA:341,0
DA:343,2
DA:347,0
DA:348,0
DA:349,0
DA:352,0
DA:353,0
DA:354,0
DA:357,0
DA:359,0
DA:360,0
DA:361,0
DA:362,0
DA:363,0
DA:364,0
DA:365,0
DA:366,0
DA:367,0
DA:370,0
DA:372,0
DA:376,0
DA:378,0
DA:383,0
DA:385,0
DA:386,0
DA:387,0
DA:388,0
DA:391,0
DA:392,0
DA:393,0
DA:394,0
DA:395,0
DA:396,0
DA:397,0
DA:398,0
DA:399,0
DA:400,0
DA:405,0
DA:406,0
DA:407,0
DA:410,0
DA:411,0
DA:412,0
DA:413,0
DA:414,0
DA:415,0
DA:422,0
DA:423,0
DA:426,0
DA:427,0
DA:428,0
DA:429,0
DA:430,0
DA:437,0
DA:438,0
LF:235
LH:46
end_of_record
SF:lib/models/cities/kyiv.dart
DA:13,1
DA:14,1
DA:15,1
DA:20,4
DA:21,1
DA:22,2
DA:23,1
DA:24,1
DA:26,1
DA:27,3
DA:30,1
DA:32,1
DA:33,4
DA:36,1
DA:38,1
DA:39,1
DA:40,1
DA:41,1
DA:42,1
DA:46,1
DA:48,1
DA:49,1
DA:50,1
DA:51,1
DA:52,1
DA:56,1
DA:58,1
DA:59,1
DA:60,1
DA:61,1
DA:62,1
DA:63,1
DA:68,2
DA:69,1
DA:70,1
DA:71,1
DA:72,1
DA:73,1
DA:74,1
DA:75,1
DA:76,1
DA:77,1
DA:78,1
DA:79,1
DA:80,1
DA:81,1
DA:82,1
DA:83,1
DA:84,1
DA:85,1
DA:86,1
DA:87,1
DA:88,1
DA:89,1
DA:90,1
LF:55
LH:55
end_of_record
SF:lib/models/cities/nizhin.dart
DA:11,1
DA:12,1
DA:13,1
DA:18,2
DA:19,1
DA:20,2
DA:21,1
DA:22,1
DA:23,1
DA:24,1
DA:25,1
DA:26,1
DA:27,1
DA:28,1
DA:29,1
DA:30,1
DA:31,1
DA:32,1
DA:33,1
DA:34,1
DA:35,1
DA:36,1
DA:39,1
DA:75,1
DA:77,1
DA:78,1
DA:79,1
DA:80,1
DA:81,1
DA:82,1
LF:30
LH:30
end_of_record
SF:lib/models/cities/sich.dart
DA:14,0
DA:15,0
DA:16,0
DA:21,0
DA:22,0
DA:23,0
DA:26,0
DA:27,0
DA:29,0
DA:32,0
DA:33,0
DA:36,0
DA:37,0
DA:40,0
DA:43,0
DA:44,0
DA:47,0
DA:50,0
DA:51,0
DA:55,0
DA:56,0
DA:57,0
DA:58,0
DA:59,0
DA:60,0
DA:61,0
DA:62,0
DA:63,0
DA:64,0
DA:65,0
DA:66,0
DA:67,0
DA:70,0
DA:71,0
DA:72,0
DA:73,0
DA:74,0
DA:75,0
DA:76,0
DA:77,0
DA:78,0
LF:41
LH:0
end_of_record
SF:lib/models/cities/vinnitsa.dart
DA:11,1
DA:12,1
DA:13,1
DA:17,1
DA:19,3
DA:20,3
DA:21,2
DA:22,1
DA:23,1
DA:24,1
DA:25,1
DA:26,1
DA:27,1
DA:28,1
LF:14
LH:14
end_of_record
SF:lib/models/cities/zhytomir.dart
DA:11,1
DA:12,1
DA:13,1
DA:18,1
DA:19,4
DA:20,1
DA:21,1
DA:22,1
DA:24,1
DA:25,1
DA:26,1
DA:27,1
DA:28,1
DA:29,1
DA:30,1
DA:31,1
DA:32,1
DA:33,1
DA:34,1
DA:35,1
DA:36,1
DA:39,1
LF:22
LH:22
end_of_record
SF:lib/models/company.dart
DA:53,1
DA:114,0
DA:115,0
DA:117,0
DA:118,0
DA:119,0
DA:120,0
DA:121,0
DA:122,0
DA:123,0
DA:124,0
DA:125,0
DA:126,0
DA:129,0
DA:130,0
DA:131,0
DA:132,0
DA:133,0
DA:134,0
DA:137,0
DA:150,0
DA:151,0
DA:152,0
DA:155,0
DA:156,0
DA:157,0
DA:158,0
DA:164,0
DA:165,0
DA:168,0
DA:169,0
DA:170,0
DA:171,0
DA:174,0
DA:175,0
DA:176,0
DA:177,0
DA:181,0
DA:186,0
DA:187,0
DA:189,0
DA:190,0
DA:195,0
DA:196,0
DA:198,0
DA:199,0
DA:201,0
DA:203,0
DA:206,0
DA:207,0
DA:210,0
DA:211,0
DA:212,0
DA:213,0
DA:214,0
DA:217,0
DA:218,0
DA:219,0
DA:220,0
DA:221,0
DA:224,0
DA:225,0
DA:226,0
DA:228,0
DA:229,0
DA:230,0
DA:232,0
DA:233,0
DA:234,0
DA:235,0
DA:238,0
DA:241,0
DA:244,0
DA:245,0
DA:246,0
DA:250,0
DA:252,0
DA:253,0
DA:254,0
DA:255,0
DA:262,0
DA:263,0
DA:264,0
DA:266,0
DA:268,0
DA:271,0
DA:272,0
DA:275,0
DA:276,0
DA:277,0
DA:278,0
DA:279,0
DA:280,0
DA:282,0
DA:286,0
DA:287,0
DA:288,0
DA:290,0
DA:291,0
DA:294,0
DA:295,0
DA:297,0
DA:298,0
DA:299,0
DA:305,0
DA:306,0
DA:309,0
DA:310,0
DA:311,0
DA:315,0
DA:316,0
DA:321,0
DA:322,0
DA:323,0
DA:325,0
DA:326,0
DA:328,0
DA:331,0
DA:332,0
DA:335,0
DA:336,0
DA:337,0
DA:338,0
DA:339,0
DA:340,0
DA:341,0
DA:345,0
DA:346,0
DA:349,0
DA:350,0
DA:353,0
DA:354,0
DA:355,0
DA:356,0
DA:357,0
DA:360,0
DA:361,0
DA:364,0
DA:365,0
DA:366,0
DA:367,0
DA:368,0
DA:372,0
DA:373,0
DA:376,0
DA:377,0
DA:378,0
DA:381,0
DA:382,0
DA:383,0
DA:384,0
DA:385,0
DA:388,0
DA:389,0
DA:390,0
DA:393,0
DA:394,0
DA:395,0
DA:398,0
DA:400,0
DA:401,0
LF:161
LH:1
end_of_record
SF:lib/models/manufacturings/manufacturing.dart
DA:11,1
DA:19,0
DA:20,0
DA:22,0
DA:24,0
DA:26,0
DA:27,0
DA:28,0
DA:29,0
DA:30,0
DA:31,0
DA:32,0
DA:36,0
DA:37,0
DA:38,0
DA:39,0
DA:40,0
DA:41,0
DA:42,0
DA:46,0
DA:47,0
DA:49,0
DA:50,0
DA:52,0
DA:54,0
DA:55,0
DA:59,0
DA:60,0
DA:63,0
DA:64,0
DA:65,0
DA:69,0
DA:70,0
DA:71,0
DA:75,0
DA:76,0
DA:81,0
DA:82,0
DA:84,0
DA:85,0
DA:90,0
DA:91,0
DA:93,0
DA:94,0
DA:99,1
DA:100,1
DA:102,1
DA:103,1
DA:108,1
DA:109,1
DA:111,1
DA:112,1
DA:117,1
DA:118,1
DA:120,1
DA:121,1
DA:126,1
DA:127,1
DA:129,1
DA:130,1
DA:135,0
DA:136,0
DA:138,0
DA:139,0
DA:144,1
DA:145,1
DA:147,1
DA:148,1
DA:153,1
DA:154,1
DA:156,1
DA:157,1
DA:162,1
DA:163,1
DA:165,1
DA:166,1
DA:171,1
DA:172,1
DA:174,1
DA:175,1
DA:180,1
DA:181,1
DA:183,1
DA:184,1
DA:189,1
DA:190,1
DA:192,1
DA:193,1
DA:198,1
DA:199,1
DA:201,1
DA:202,1
DA:207,0
DA:208,0
DA:210,0
DA:211,0
DA:216,0
DA:217,0
DA:219,0
DA:220,0
DA:225,1
DA:226,1
DA:228,1
DA:229,1
DA:234,1
DA:235,1
DA:237,1
DA:238,1
DA:243,0
DA:244,0
DA:246,0
DA:247,0
DA:250,0
DA:251,0
DA:253,0
DA:257,1
DA:258,1
DA:260,1
DA:261,1
DA:266,1
DA:267,1
DA:269,1
DA:270,1
DA:275,1
DA:276,1
DA:278,1
DA:279,1
DA:284,1
DA:285,1
DA:287,1
DA:288,1
DA:292,0
DA:293,0
DA:294,0
LF:134
LH:69
end_of_record
SF:lib/models/resources/resource.dart
DA:4,1
DA:38,1
DA:44,0
DA:45,0
DA:48,0
DA:49,0
DA:52,1
DA:53,4
DA:56,1
DA:57,2
DA:58,3
DA:62,1
DA:64,1
DA:65,1
DA:66,1
DA:67,0
DA:68,1
DA:69,0
DA:70,1
DA:71,0
DA:72,1
DA:73,0
DA:74,1
DA:75,0
DA:76,1
DA:77,0
DA:78,1
DA:79,0
DA:80,1
DA:81,0
DA:82,1
DA:83,0
DA:84,1
DA:85,0
DA:86,1
DA:87,0
DA:88,1
DA:89,1
DA:90,0
DA:91,0
DA:92,0
DA:93,0
DA:94,0
DA:95,0
DA:96,0
DA:97,0
DA:98,0
DA:99,0
DA:100,0
DA:101,0
DA:102,0
DA:103,0
DA:104,0
DA:105,0
DA:106,0
DA:107,0
DA:108,0
DA:109,0
DA:113,0
DA:114,0
DA:117,0
DA:119,0
DA:122,0
DA:125,0
DA:127,0
DA:130,0
DA:131,0
DA:134,0
DA:135,0
DA:136,0
DA:138,0
DA:139,0
DA:140,0
DA:141,0
DA:145,0
DA:146,0
DA:149,0
DA:151,0
DA:152,0
DA:157,1
DA:158,1
DA:161,1
DA:166,1
DA:167,1
DA:175,1
DA:176,1
DA:184,1
DA:185,1
DA:193,1
DA:194,1
DA:202,1
DA:203,1
DA:211,1
DA:212,1
DA:215,1
DA:220,1
DA:221,1
DA:229,1
DA:230,1
DA:238,1
DA:239,1
DA:247,1
DA:248,1
DA:256,1
DA:257,1
DA:265,1
DA:266,1
DA:274,1
DA:275,1
DA:283,1
DA:284,1
DA:295,2
DA:297,0
DA:298,0
DA:303,1
DA:304,1
DA:307,1
DA:312,1
DA:313,1
DA:316,1
DA:321,1
DA:322,1
DA:330,1
DA:331,1
DA:339,1
DA:340,1
DA:343,1
DA:348,1
DA:349,1
DA:352,1
DA:357,1
DA:358,1
DA:361,1
DA:366,1
DA:367,1
DA:370,1
DA:374,0
DA:376,0
DA:378,0
DA:380,0
DA:382,0
DA:384,0
DA:389,0
DA:390,0
DA:391,0
DA:392,0
DA:393,0
DA:396,0
DA:397,0
DA:398,0
DA:399,0
DA:403,0
DA:410,1
DA:412,1
DA:414,1
DA:416,1
DA:418,1
DA:420,1
DA:422,1
DA:424,1
DA:426,1
DA:428,1
DA:430,1
DA:432,1
DA:434,1
DA:436,1
DA:438,1
DA:440,1
DA:442,0
DA:444,0
DA:446,0
DA:448,0
DA:450,0
DA:452,0
DA:454,0
DA:456,0
DA:461,1
DA:463,1
DA:465,1
DA:467,1
DA:469,1
DA:471,1
DA:473,1
DA:475,1
DA:477,1
DA:479,1
DA:481,1
DA:483,1
DA:485,1
DA:487,1
DA:489,1
DA:491,1
DA:493,0
DA:495,0
DA:497,0
DA:499,0
DA:501,0
DA:503,0
DA:505,0
DA:507,0
DA:510,0
LF:201
LH:110
end_of_record
SF:lib/models/wagons/wagon.dart
DA:17,0
DA:18,0
DA:19,0
DA:20,0
DA:23,0
DA:24,0
DA:27,1
DA:28,3
DA:30,3
DA:31,0
DA:34,1
DA:37,1
DA:38,1
DA:39,0
DA:40,0
DA:41,0
DA:45,0
DA:46,0
DA:49,0
DA:50,0
DA:53,0
DA:54,0
DA:55,0
DA:59,0
DA:60,0
DA:61,0
DA:66,0
DA:67,0
DA:68,0
DA:69,0
DA:72,0
DA:73,0
DA:74,0
DA:77,1
DA:78,1
DA:79,2
DA:80,1
DA:81,1
DA:85,1
DA:86,2
DA:87,1
DA:88,0
DA:89,1
DA:91,1
DA:95,0
DA:96,0
DA:99,0
DA:100,0
DA:102,0
DA:107,0
DA:108,0
DA:111,0
DA:112,0
DA:113,0
DA:115,0
DA:116,0
LF:56
LH:16
end_of_record
SF:lib/app_preferences.dart
DA:7,1
DA:10,0
DA:11,0
DA:14,0
DA:24,0
DA:25,0
DA:26,0
DA:29,0
DA:32,0
DA:33,0
DA:36,0
DA:37,0
DA:38,0
DA:42,0
DA:43,0
DA:44,0
DA:47,0
DA:48,0
DA:51,0
DA:52,0
DA:55,0
DA:57,0
DA:59,0
DA:68,0
DA:69,0
DA:71,0
DA:77,0
DA:78,0
LF:28
LH:1
end_of_record
SF:lib/components/resource_image_view.dart
DA:12,0
DA:14,0
DA:16,0
DA:17,0
DA:18,0
DA:19,0
DA:20,0
DA:22,0
DA:23,0
DA:26,0
DA:27,0
DA:28,0
LF:12
LH:0
end_of_record
SF:lib/components/ui/bouncing_outlined_text.dart
DA:12,0
DA:14,0
DA:16,0
DA:17,0
DA:18,0
DA:19,0
DA:20,0
DA:21,0
LF:8
LH:0
end_of_record
SF:lib/components/ui/resized_image.dart
DA:8,0
DA:10,0
DA:12,0
DA:13,0
DA:14,0
LF:5
LH:0
end_of_record
SF:lib/theme.dart
DA:4,0
DA:5,0
DA:6,0
DA:7,0
DA:8,0
DA:10,0
DA:11,0
DA:13,0
LF:8
LH:0
end_of_record
SF:lib/components/ui/bordered_all.dart
DA:9,0
DA:12,0
DA:14,0
DA:15,0
DA:16,0
DA:17,0
DA:18,0
LF:7
LH:0
end_of_record
SF:lib/components/ui/bordered_container_with_side.dart
DA:9,0
DA:16,0
DA:18,0
DA:22,0
DA:23,0
DA:25,0
DA:27,0
DA:29,0
DA:31,0
DA:35,0
DA:36,0
DA:39,0
DA:41,0
DA:42,0
DA:43,0
DA:44,0
DA:45,0
DA:46,0
DA:47,0
DA:50,0
LF:20
LH:0
end_of_record
SF:lib/components/ui/bouncing_text.dart
DA:7,0
DA:9,0
DA:10,0
DA:13,0
DA:15,0
LF:5
LH:0
end_of_record
SF:lib/components/ui/outlined_text.dart
DA:11,0
DA:14,0
DA:17,0
DA:18,0
DA:19,0
DA:20,0
DA:21,0
DA:22,0
DA:23,0
DA:24,0
DA:25,0
DA:26,0
DA:27,0
DA:28,0
DA:29,0
DA:31,0
DA:32,0
DA:33,0
DA:34,0
DA:36,0
LF:20
LH:0
end_of_record
SF:lib/components/ui/bouncing_widget.dart
DA:6,0
DA:8,0
DA:9,0
DA:12,0
DA:13,0
DA:20,0
DA:22,0
DA:23,0
DA:25,0
DA:29,0
DA:31,0
DA:32,0
DA:40,0
DA:42,0
DA:43,0
DA:44,0
DA:48,0
DA:50,0
DA:51,0
DA:52,0
DA:53,0
DA:54,0
DA:58,0
DA:62,0
DA:64,0
DA:65,0
LF:26
LH:0
end_of_record
SF:lib/components/ui/decorated_container.dart
DA:6,0
DA:8,0
DA:10,0
DA:12,0
DA:13,0
DA:14,0
DA:16,0
DA:23,0
DA:24,0
DA:29,0
DA:30,0
DA:35,0
DA:36,0
LF:13
LH:0
end_of_record
SF:lib/components/ui/game_text.dart
DA:8,0
DA:9,0
DA:12,0
DA:13,0
LF:4
LH:0
end_of_record
SF:lib/extensions/list.dart
DA:4,0
DA:6,0
DA:7,0
DA:8,0
DA:10,0
DA:23,0
DA:25,0
DA:26,0
DA:27,0
DA:29,0
DA:37,0
DA:38,0
DA:39,0
DA:41,0
DA:42,0
DA:43,0
DA:52,0
DA:53,0
DA:54,0
DA:56,0
DA:60,0
DA:63,0
DA:64,0
DA:65,0
DA:66,0
DA:67,0
LF:26
LH:0
end_of_record
SF:lib/models/resources/resource_category.dart
DA:1,1
DA:3,0
DA:5,0
DA:7,0
DA:9,0
DA:11,0
DA:13,0
DA:18,0
DA:20,0
DA:21,0
DA:22,0
DA:23,0
DA:24,0
DA:27,0
DA:31,0
DA:32,0
DA:33,0
DA:36,0
LF:18
LH:1
end_of_record
SF:lib/i18n/chumaki_localizations.dart
DA:12,0
DA:15,0
DA:22,0
DA:32,0
DA:33,0
DA:34,0
DA:44,0
DA:46,0
DA:48,0
DA:49,0
DA:50,0
DA:51,0
DA:52,0
DA:54,0
DA:57,0
DA:58,0
DA:59,0
DA:60,0
DA:61,0
DA:62,0
DA:64,0
DA:65,0
DA:66,0
DA:67,0
DA:68,0
DA:69,0
DA:70,0
DA:71,0
DA:72,0
DA:73,0
DA:78,0
DA:79,0
DA:83,0
DA:573,0
DA:574,0
DA:577,0
DA:578,0
DA:581,0
DA:582,0
DA:585,0
DA:586,0
DA:589,0
DA:590,0
DA:593,0
DA:594,0
DA:597,0
DA:598,0
DA:601,0
DA:602,0
DA:605,0
DA:606,0
DA:609,0
DA:610,0
DA:613,0
DA:614,0
DA:617,0
DA:618,0
DA:621,0
DA:622,0
DA:625,0
DA:626,0
DA:629,0
DA:630,0
DA:633,0
DA:634,0
DA:637,0
DA:638,0
DA:641,0
DA:642,0
DA:645,0
DA:646,0
DA:649,0
DA:650,0
DA:653,0
DA:654,0
DA:657,0
DA:658,0
DA:661,0
DA:662,0
DA:665,0
DA:666,0
DA:669,0
DA:670,0
DA:673,0
DA:674,0
DA:677,0
DA:678,0
DA:681,0
DA:682,0
DA:685,0
DA:686,0
DA:689,0
DA:690,0
DA:693,0
DA:694,0
DA:697,0
DA:698,0
DA:701,0
DA:702,0
DA:705,0
DA:706,0
DA:709,0
DA:710,0
DA:713,0
DA:714,0
DA:717,0
DA:718,0
DA:721,0
DA:722,0
DA:725,0
DA:726,0
DA:729,0
DA:730,0
DA:733,0
DA:734,0
DA:737,0
DA:738,0
DA:741,0
DA:742,0
DA:745,0
DA:746,0
DA:749,0
DA:750,0
DA:753,0
DA:754,0
DA:757,0
DA:758,0
DA:761,0
DA:762,0
DA:765,0
DA:766,0
DA:769,0
DA:770,0
DA:773,0
DA:774,0
DA:777,0
DA:778,0
DA:781,0
DA:782,0
DA:785,0
DA:786,0
DA:789,0
DA:790,0
DA:793,0
DA:794,0
DA:797,0
DA:798,0
DA:801,0
DA:802,0
DA:805,0
DA:806,0
DA:809,0
DA:810,0
DA:813,0
DA:814,0
DA:817,0
DA:818,0
DA:821,0
DA:822,0
DA:825,0
DA:826,0
DA:829,0
DA:830,0
DA:833,0
DA:834,0
DA:837,0
DA:838,0
DA:841,0
DA:842,0
DA:845,0
DA:846,0
DA:849,0
DA:850,0
DA:853,0
DA:854,0
DA:857,0
DA:858,0
DA:861,0
DA:862,0
DA:865,0
DA:866,0
DA:869,0
DA:870,0
DA:874,0
DA:875,0
DA:878,0
DA:879,0
DA:882,0
DA:883,0
DA:886,0
DA:887,0
DA:890,0
DA:891,0
DA:894,0
DA:895,0
DA:898,0
DA:899,0
DA:902,0
DA:903,0
DA:906,0
DA:907,0
DA:910,0
DA:911,0
DA:914,0
DA:915,0
DA:918,0
DA:919,0
DA:922,0
DA:923,0
DA:926,0
DA:927,0
DA:931,0
DA:932,0
DA:935,0
DA:936,0
DA:939,0
DA:940,0
DA:943,0
DA:944,0
DA:947,0
DA:948,0
DA:952,0
DA:953,0
DA:957,0
DA:958,0
DA:961,0
DA:962,0
DA:965,0
DA:966,0
DA:970,0
DA:971,0
LF:231
LH:0
end_of_record
SF:lib/models/cities/berdychiv.dart
DA:10,1
DA:11,1
DA:12,1
DA:16,1
DA:18,2
DA:19,2
DA:20,2
DA:21,1
DA:22,1
DA:23,1
DA:24,1
DA:25,1
DA:26,1
DA:27,1
LF:14
LH:14
end_of_record
SF:lib/models/cities/bila_tserkva.dart
DA:9,0
DA:10,0
DA:11,0
DA:16,0
DA:17,0
DA:18,0
DA:19,0
DA:20,0
DA:21,0
DA:22,0
DA:23,0
DA:24,0
DA:25,0
DA:26,0
DA:27,0
DA:28,0
DA:29,0
DA:30,0
DA:31,0
LF:19
LH:0
end_of_record
SF:lib/models/cities/korsun.dart
DA:10,1
DA:11,1
DA:12,1
DA:17,2
DA:18,1
DA:19,2
DA:20,2
DA:21,1
DA:22,1
DA:23,1
DA:24,1
DA:25,1
DA:26,1
LF:13
LH:13
end_of_record
SF:lib/models/cities/pereyaslav.dart
DA:11,1
DA:12,1
DA:13,1
DA:18,2
DA:19,3
DA:20,2
DA:21,1
DA:22,1
DA:23,1
DA:24,1
DA:25,1
DA:26,1
DA:27,1
DA:28,1
DA:29,1
DA:30,1
DA:31,1
DA:32,1
DA:33,1
DA:34,1
DA:36,1
DA:37,1
DA:39,1
DA:40,1
DA:41,1
DA:42,1
DA:43,1
DA:47,1
DA:49,1
DA:50,1
DA:51,1
DA:52,1
DA:53,1
DA:57,1
DA:59,1
DA:60,1
DA:61,1
DA:62,1
DA:63,1
DA:67,1
DA:69,1
DA:70,1
DA:71,1
DA:72,1
DA:73,1
DA:74,1
DA:75,1
DA:79,1
DA:81,1
DA:82,1
DA:83,1
DA:84,1
DA:85,1
DA:86,1
DA:87,1
LF:55
LH:55
end_of_record
SF:lib/models/events/event.dart
DA:10,1
DA:18,0
DA:19,0
DA:22,0
DA:23,0
DA:26,0
DA:27,0
DA:30,0
DA:31,0
DA:32,0
DA:33,0
DA:34,0
DA:35,0
DA:36,0
DA:40,0
DA:41,0
DA:42,0
DA:43,0
DA:44,0
DA:45,0
DA:46,0
DA:47,0
DA:49,0
DA:53,0
DA:55,0
DA:56,0
DA:57,0
DA:58,0
LF:28
LH:1
end_of_record
SF:lib/models/cities/chernigiv.dart
DA:9,1
DA:10,1
DA:11,1
DA:16,1
DA:17,4
DA:18,1
DA:19,1
DA:20,1
DA:21,1
DA:22,1
DA:23,1
DA:24,1
DA:25,1
DA:26,1
DA:27,1
DA:28,1
DA:29,1
DA:32,1
LF:18
LH:18
end_of_record
SF:lib/models/cities/chigirin.dart
DA:10,0
DA:11,0
DA:12,0
DA:17,0
DA:18,0
DA:19,0
DA:20,0
DA:22,0
DA:23,0
DA:28,0
DA:29,0
DA:30,0
DA:31,0
DA:32,0
DA:33,0
DA:34,0
DA:35,0
DA:36,0
DA:37,0
DA:38,0
DA:39,0
DA:40,0
DA:41,0
DA:42,0
DA:43,0
LF:25
LH:0
end_of_record
SF:lib/models/cities/gaivoron.dart
DA:8,1
DA:9,1
DA:10,1
DA:15,1
DA:16,1
DA:17,1
DA:18,2
DA:19,1
DA:20,1
DA:21,1
DA:22,1
DA:23,1
DA:24,1
DA:25,1
LF:14
LH:14
end_of_record
SF:lib/models/cities/govtva.dart
DA:10,0
DA:11,0
DA:12,0
DA:17,0
DA:18,0
DA:19,0
DA:20,0
DA:21,0
DA:22,0
DA:23,0
DA:24,0
DA:25,0
DA:26,0
DA:27,0
DA:28,0
DA:29,0
DA:32,0
LF:17
LH:0
end_of_record
SF:lib/models/cities/kaniv.dart
DA:9,0
DA:10,0
DA:11,0
DA:16,0
DA:17,0
DA:18,0
DA:19,0
DA:20,0
DA:21,0
DA:22,0
DA:23,0
DA:24,0
DA:25,0
DA:26,0
DA:27,0
DA:28,0
DA:29,0
DA:30,0
DA:31,0
DA:32,0
DA:33,0
DA:34,0
DA:35,0
LF:23
LH:0
end_of_record
SF:lib/models/cities/kursk.dart
DA:9,1
DA:10,1
DA:11,1
DA:16,1
DA:17,1
DA:18,2
DA:19,1
DA:20,1
DA:21,1
DA:22,1
DA:23,1
DA:24,1
DA:25,1
DA:26,1
DA:27,1
DA:28,1
DA:29,1
DA:30,1
DA:31,1
LF:19
LH:19
end_of_record
SF:lib/models/cities/ladyzhin.dart
DA:9,1
DA:10,1
DA:11,1
DA:16,2
DA:17,1
DA:18,1
DA:19,2
DA:20,1
DA:21,1
DA:22,1
DA:23,1
LF:11
LH:11
end_of_record
SF:lib/models/cities/lviv.dart
DA:10,1
DA:11,1
DA:12,1
DA:17,1
DA:18,1
DA:19,3
DA:20,1
DA:21,1
DA:22,1
DA:23,1
DA:24,1
DA:25,1
DA:26,1
DA:27,1
DA:28,1
DA:29,1
DA:30,1
DA:33,1
DA:34,1
DA:35,1
DA:37,1
DA:38,4
DA:41,1
DA:43,1
DA:44,1
DA:45,1
DA:46,1
DA:47,1
DA:48,1
DA:49,1
DA:50,1
DA:51,1
DA:52,1
DA:56,1
DA:58,1
DA:59,1
DA:60,1
DA:61,1
DA:62,1
DA:66,1
DA:68,1
DA:69,1
DA:70,1
DA:71,1
DA:72,1
LF:45
LH:45
end_of_record
SF:lib/models/cities/medzhibizh.dart
DA:9,1
DA:10,1
DA:11,1
DA:16,1
DA:17,2
DA:18,1
DA:19,1
DA:20,1
DA:21,1
DA:22,1
DA:23,1
DA:24,1
DA:25,1
DA:28,1
LF:14
LH:14
end_of_record
SF:lib/models/cities/myrgorod.dart
DA:11,0
DA:12,0
DA:13,0
DA:18,0
DA:19,0
DA:20,0
DA:21,0
DA:22,0
DA:23,0
DA:24,0
DA:25,0
DA:26,0
DA:27,0
DA:28,0
DA:29,0
DA:30,0
DA:33,0
LF:17
LH:0
end_of_record
SF:lib/models/cities/ochakiv.dart
DA:11,0
DA:12,0
DA:13,0
DA:18,0
DA:19,0
DA:20,0
DA:21,0
DA:22,0
DA:23,0
DA:24,0
DA:25,0
DA:26,0
DA:27,0
DA:30,0
DA:31,0
DA:33,0
DA:34,0
DA:35,0
DA:36,0
DA:37,0
DA:38,0
DA:42,0
DA:44,0
DA:45,0
DA:46,0
DA:50,0
DA:52,0
DA:53,0
DA:54,0
DA:55,0
LF:30
LH:0
end_of_record
SF:lib/models/cities/ohtirka.dart
DA:9,0
DA:10,0
DA:11,0
DA:16,0
DA:17,0
DA:18,0
DA:19,0
DA:20,0
DA:21,0
DA:22,0
DA:23,0
DA:24,0
DA:25,0
DA:26,0
DA:27,0
DA:28,0
DA:29,0
DA:32,0
LF:18
LH:0
end_of_record
SF:lib/models/cities/ostrog.dart
DA:11,1
DA:12,1
DA:13,1
DA:18,1
DA:19,2
DA:20,3
DA:21,1
DA:22,1
DA:23,1
DA:24,1
DA:25,1
DA:26,1
DA:27,1
DA:28,1
DA:29,1
DA:30,1
DA:31,1
DA:32,1
DA:33,1
DA:36,1
DA:37,1
DA:38,1
DA:40,1
DA:41,2
DA:44,1
DA:46,1
DA:47,4
DA:50,1
DA:52,1
DA:53,4
DA:56,1
DA:58,1
DA:59,2
DA:62,1
DA:64,1
DA:65,5
LF:36
LH:36
end_of_record
SF:lib/models/cities/pyryatin.dart
DA:10,0
DA:11,0
DA:12,0
DA:17,0
DA:18,0
DA:19,0
DA:20,0
DA:21,0
DA:22,0
DA:23,0
DA:24,0
DA:25,0
DA:26,0
DA:27,0
DA:28,0
DA:29,0
DA:32,0
LF:17
LH:0
end_of_record
SF:lib/models/cities/rylsk.dart
DA:9,1
DA:10,1
DA:11,1
DA:16,2
DA:17,1
DA:18,1
DA:19,1
DA:20,1
DA:21,1
DA:22,1
DA:23,1
DA:24,1
DA:25,1
DA:26,1
LF:14
LH:14
end_of_record
SF:lib/models/cities/stavise.dart
DA:8,0
DA:9,0
DA:10,0
DA:15,0
DA:16,0
DA:17,0
DA:18,0
DA:19,0
DA:20,0
DA:21,0
DA:22,0
DA:23,0
DA:24,0
DA:25,0
DA:26,0
LF:15
LH:0
end_of_record
SF:lib/models/cities/temryuk.dart
DA:9,0
DA:10,0
DA:11,0
DA:16,0
DA:17,0
DA:18,0
DA:19,0
DA:20,0
DA:21,0
DA:22,0
DA:23,0
DA:24,0
LF:12
LH:0
end_of_record
SF:lib/models/cities/ternopil.dart
DA:10,1
DA:11,1
DA:12,1
DA:17,1
DA:18,2
DA:19,2
DA:20,1
DA:21,1
DA:22,1
DA:23,1
DA:24,1
DA:25,1
DA:26,1
DA:27,1
DA:30,1
LF:15
LH:15
end_of_record
SF:lib/models/cities/uman.dart
DA:11,1
DA:12,1
DA:13,1
DA:18,2
DA:19,2
DA:20,1
DA:21,2
DA:22,1
DA:23,1
DA:24,1
DA:25,1
DA:26,1
DA:27,1
DA:28,1
DA:29,1
DA:31,1
DA:32,1
DA:34,1
DA:35,3
DA:38,1
DA:40,1
DA:41,5
DA:44,1
DA:46,1
DA:47,1
DA:48,1
DA:49,1
DA:50,1
DA:51,1
DA:55,1
DA:57,1
DA:58,1
DA:59,1
DA:60,1
DA:61,1
DA:62,1
DA:63,1
DA:64,1
DA:65,1
DA:66,1
LF:40
LH:40
end_of_record
SF:lib/models/price/price_unit.dart
DA:8,0
DA:10,0
DA:11,0
DA:14,0
DA:16,0
DA:18,0
DA:21,0
DA:23,0
DA:25,0
DA:26,0
DA:29,0
DA:31,0
DA:32,0
DA:33,0
DA:34,0
DA:35,0
DA:36,0
DA:37,0
DA:38,0
DA:39,0
DA:40,0
DA:41,0
DA:42,0
DA:43,0
DA:44,0
DA:45,0
DA:46,0
DA:47,0
DA:48,0
DA:49,0
DA:50,0
DA:51,0
DA:52,0
DA:53,0
DA:54,0
DA:55,0
DA:56,0
DA:57,0
DA:58,0
DA:59,0
DA:60,0
DA:61,0
DA:62,0
DA:63,0
DA:64,0
DA:65,0
DA:66,0
DA:67,0
DA:68,0
DA:69,0
DA:70,0
DA:71,0
DA:72,0
DA:73,0
DA:74,0
DA:75,0
DA:76,0
LF:57
LH:0
end_of_record
SF:lib/models/tasks/route.dart
DA:15,0
DA:18,0
DA:24,0
DA:27,0
DA:28,0
DA:39,1
DA:41,0
DA:50,0
DA:51,0
DA:52,0
DA:55,0
DA:56,0
DA:57,0
DA:60,0
DA:61,0
DA:62,0
DA:63,0
DA:66,0
DA:67,0
DA:70,0
DA:73,0
DA:74,0
DA:81,0
DA:90,0
DA:91,0
DA:92,0
DA:94,0
DA:97,0
DA:98,0
DA:101,0
DA:102,0
DA:103,0
DA:104,0
DA:105,0
DA:108,0
DA:110,0
DA:111,0
DA:112,0
DA:118,0
DA:121,0
DA:122,0
DA:123,0
LF:42
LH:1
end_of_record
SF:lib/models/tasks/route_task.dart
DA:11,0
DA:15,0
DA:19,0
DA:20,0
DA:23,0
DA:24,0
DA:25,0
DA:26,0
DA:27,0
DA:28,0
DA:32,0
DA:33,0
DA:34,0
DA:35,0
DA:36,0
DA:37,0
DA:38,0
DA:39,0
DA:40,0
DA:41,0
DA:45,0
DA:47,0
DA:48,0
DA:49,0
DA:51,0
DA:53,0
LF:26
LH:0
end_of_record
SF:lib/models/leaders/leaders.dart
DA:10,1
DA:16,0
DA:25,0
DA:27,0
DA:30,0
DA:32,0
DA:35,0
DA:36,0
DA:39,0
DA:40,0
DA:41,0
DA:44,0
DA:45,0
DA:48,0
DA:49,0
DA:52,0
DA:53,0
DA:56,0
DA:57,0
DA:58,0
DA:61,0
DA:62,0
DA:65,0
DA:67,0
DA:68,0
DA:73,0
DA:74,0
DA:77,0
DA:78,0
DA:81,0
DA:82,0
DA:83,0
DA:84,0
DA:85,0
DA:86,0
DA:87,0
DA:91,0
DA:92,0
DA:93,0
DA:94,0
DA:95,0
DA:96,0
DA:97,0
DA:101,0
DA:103,0
DA:104,0
DA:105,0
DA:106,0
DA:107,0
DA:108,0
DA:114,0
DA:115,0
DA:116,0
DA:117,0
DA:119,0
DA:120,0
DA:122,0
DA:125,0
DA:126,0
DA:130,0
DA:131,0
DA:137,0
DA:141,0
DA:142,0
DA:144,0
DA:148,0
DA:149,0
DA:152,0
DA:153,0
DA:155,0
LF:70
LH:1
end_of_record
SF:lib/models/logger/achievement_city.dart
DA:11,0
DA:17,0
DA:23,0
DA:24,0
DA:27,0
DA:28,0
DA:29,0
DA:32,0
DA:34,0
DA:35,0
DA:36,0
DA:40,0
DA:41,0
DA:42,0
DA:43,0
DA:44,0
DA:45,0
DA:46,0
DA:50,0
DA:52,0
DA:57,0
DA:58,0
DA:59,0
DA:65,0
DA:70,0
DA:75,0
LF:26
LH:0
end_of_record
SF:lib/models/logger/achievement_stock.dart
DA:15,0
DA:21,0
DA:27,0
DA:28,0
DA:31,0
DA:32,0
DA:35,0
DA:36,0
DA:43,0
DA:49,0
DA:52,0
DA:53,0
DA:56,0
DA:57,0
DA:58,0
DA:59,0
DA:63,0
DA:64,0
DA:65,0
DA:66,0
DA:67,0
DA:68,0
DA:69,0
DA:70,0
DA:71,0
DA:75,0
DA:76,0
DA:77,0
DA:80,0
DA:81,0
DA:83,0
DA:86,0
DA:88,0
DA:91,0
DA:92,0
DA:94,0
DA:97,0
DA:98,0
DA:100,0
DA:103,0
DA:104,0
DA:106,0
DA:109,0
DA:110,0
DA:112,0
DA:115,0
DA:116,0
DA:118,0
DA:121,0
DA:122,0
DA:124,0
DA:127,0
DA:129,0
DA:132,0
LF:54
LH:0
end_of_record
SF:lib/models/logger/logger.dart
DA:8,1
DA:11,0
DA:24,0
DA:25,0
DA:26,0
DA:41,0
DA:43,0
DA:45,0
DA:47,0
DA:49,0
DA:50,0
DA:51,0
DA:55,0
DA:56,0
DA:57,0
DA:58,0
DA:63,0
DA:64,0
DA:65,0
DA:69,0
DA:70,0
DA:74,0
DA:75,0
DA:76,0
DA:77,0
DA:79,0
DA:80,0
DA:81,0
DA:83,0
DA:84,0
DA:86,0
DA:87,0
DA:91,0
DA:92,0
DA:93,0
DA:94,0
DA:95,0
DA:100,0
DA:101,0
DA:102,0
DA:103,0
DA:106,0
DA:107,0
DA:112,0
DA:113,0
DA:116,0
DA:117,0
DA:120,0
DA:121,0
DA:124,0
DA:125,0
DA:128,0
DA:129,0
DA:130,0
DA:131,0
DA:132,0
DA:133,0
DA:134,0
DA:135,0
DA:136,0
DA:137,0
DA:141,0
DA:142,0
DA:143,0
DA:144,0
DA:145,0
DA:146,0
DA:148,0
DA:149,0
DA:150,0
DA:151,0
DA:152,0
DA:153,0
DA:155,0
LF:74
LH:1
end_of_record
SF:lib/models/progress_duration.dart
DA:7,1
DA:19,0
DA:20,0
DA:23,0
DA:24,0
DA:27,0
DA:28,0
DA:29,0
DA:31,0
DA:32,0
DA:36,0
DA:37,0
DA:38,0
DA:41,0
DA:42,0
DA:45,0
DA:46,0
DA:47,0
DA:48,0
DA:49,0
DA:50,0
DA:53,0
DA:54,0
DA:57,0
DA:58,0
DA:59,0
DA:60,0
DA:61,0
DA:62,0
DA:64,0
DA:69,0
DA:70,0
DA:73,0
DA:74,0
DA:81,0
DA:82,0
DA:83,0
DA:84,0
DA:85,0
DA:86,0
DA:90,0
DA:91,0
DA:92,0
DA:93,0
DA:94,0
DA:96,0
DA:97,0
DA:98,0
DA:100,0
DA:102,0
DA:103,0
DA:110,0
DA:111,0
DA:112,0
DA:113,0
LF:55
LH:1
end_of_record
SF:lib/models/wagons/active_wagon.dart
DA:4,1
DA:11,0
LF:2
LH:1
end_of_record
SF:lib/models/logger/achievement.dart
DA:9,0
DA:17,0
DA:18,0
DA:19,0
DA:20,0
DA:21,0
LF:6
LH:0
end_of_record
SF:lib/views/achivements/achievement_city_view.dart
DA:13,0
DA:14,0
DA:16,0
DA:18,0
DA:19,0
DA:20,0
DA:21,0
DA:22,0
DA:23,0
DA:24,0
DA:25,0
DA:27,0
DA:29,0
LF:13
LH:0
end_of_record
SF:lib/views/achivements/achivement_stock_view.dart
DA:14,0
DA:16,0
DA:18,0
DA:20,0
DA:21,0
DA:22,0
DA:24,0
DA:26,0
DA:27,0
DA:28,0
DA:29,0
DA:30,0
DA:34,0
DA:35,0
DA:36,0
DA:37,0
DA:38,0
DA:40,0
DA:41,0
DA:42,0
DA:43,0
DA:47,0
DA:48,0
DA:49,0
DA:50,0
DA:51,0
LF:26
LH:0
end_of_record
SF:lib/utils/time.dart
DA:3,0
DA:4,0
DA:5,0
DA:6,0
DA:7,0
DA:8,0
LF:6
LH:0
end_of_record
SF:lib/views/achivements/achievement_card_view.dart
DA:13,0
DA:15,0
DA:17,0
DA:19,0
DA:20,0
DA:21,0
DA:22,0
DA:23,0
DA:24,0
DA:26,0
DA:28,0
DA:29,0
DA:30,0
DA:31,0
DA:33,0
DA:34,0
DA:43,0
DA:45,0
DA:46,0
DA:48,0
DA:50,0
DA:51,0
DA:52,0
DA:53,0
DA:58,0
DA:60,0
LF:26
LH:0
end_of_record
SF:lib/views/achivements/achievement_progress_indicator.dart
DA:7,0
DA:9,0
DA:11,0
DA:13,0
DA:14,0
DA:15,0
DA:19,0
DA:20,0
DA:21,0
DA:23,0
DA:26,0
LF:11
LH:0
end_of_record
SF:lib/views/achivements/achievement_stock_progress_bar.dart
DA:10,0
DA:14,0
DA:16,0
DA:18,0
DA:19,0
DA:24,0
DA:25,0
DA:26,0
DA:27,0
LF:9
LH:0
end_of_record
